<?xml version="1.0" encoding="UTF-8"?>
<!-- Generated by org.testng.reporters.JUnitReportReporter -->
<testsuite hostname="Adityas-MacBook-Air.local" failures="0" tests="1" name="NewPackage.TestPatchMethod" time="1.093" errors="0" timestamp="2024-06-01T15:04:56 IST" skipped="0">
  <testcase classname="NewPackage.TestPatchMethod" name="test04" time="1.093"/>
</testsuite> <!-- NewPackage.TestPatchMethod -->
