<?xml version="1.0" encoding="UTF-8"?>
<!-- Generated by org.testng.reporters.JUnitReportReporter -->
<testsuite hostname="Adityas-MacBook-Air.local" failures="0" tests="1" name="NewPackage.TestDeleteMethod" time="1.051" errors="0" timestamp="2024-06-01T15:10:38 IST" skipped="0">
  <testcase classname="NewPackage.TestDeleteMethod" name="test06" time="1.051"/>
</testsuite> <!-- NewPackage.TestDeleteMethod -->
