<?xml version="1.0" encoding="UTF-8"?>
<!-- Generated by org.testng.reporters.JUnitReportReporter -->
<testsuite hostname="Adityas-MacBook-Air.local" failures="0" tests="1" name="NewPackage.TestPostMethod" time="1.091" errors="0" timestamp="2024-06-01T14:53:39 IST" skipped="0">
  <testcase classname="NewPackage.TestPostMethod" name="test03" time="1.091"/>
</testsuite> <!-- NewPackage.TestPostMethod -->
