<?xml version="1.0" encoding="UTF-8"?>
<!-- Generated by org.testng.reporters.JUnitReportReporter -->
<testsuite hostname="Adityas-Air.domain.name" failures="0" tests="2" name="NewPackage.FirstGetMethod" time="0.678" errors="0" timestamp="2024-06-01T14:30:05 IST" skipped="0">
  <testcase classname="NewPackage.FirstGetMethod" name="test02" time="0.058"/>
  <testcase classname="NewPackage.FirstGetMethod" name="test01" time="0.620"/>
</testsuite> <!-- NewPackage.FirstGetMethod -->
