<?xml version="1.0" encoding="UTF-8"?>
<!-- Generated by org.testng.reporters.JUnitReportReporter -->
<testsuite hostname="Adityas-Air.domain.name" failures="0" tests="1" name="NewPackage.CheckValidResponse" time="0.620" errors="0" timestamp="2024-06-03T22:32:24 IST" skipped="0">
  <testcase classname="NewPackage.CheckValidResponse" name="getSingleUSer" time="0.620"/>
</testsuite> <!-- NewPackage.CheckValidResponse -->
