<?xml version="1.0" encoding="UTF-8"?>
<!-- Generated by org.testng.reporters.JUnitReportReporter -->
<testsuite hostname="Adityas-Air.domain.name" failures="0" tests="1" name="RestAssuresAPITesting.RestAssuresAPITesting.FirstGetRequest" time="0.599" errors="0" timestamp="2024-06-01T13:36:41 IST" skipped="0">
  <testcase classname="RestAssuresAPITesting.RestAssuresAPITesting.FirstGetRequest" name="firstCall" time="0.599"/>
</testsuite> <!-- RestAssuresAPITesting.RestAssuresAPITesting.FirstGetRequest -->
