<?xml version="1.0" encoding="UTF-8"?>
<!-- Generated by org.testng.reporters.JUnitReportReporter -->
<testsuite hostname="Adityas-MacBook-Air.local" failures="0" tests="1" name="NewPackage.TestPutMethod" time="1.103" errors="0" timestamp="2024-06-01T15:01:25 IST" skipped="0">
  <testcase classname="NewPackage.TestPutMethod" name="test04" time="1.103"/>
</testsuite> <!-- NewPackage.TestPutMethod -->
